<?xml version="1.0" encoding="UTF-8"?>
<robot generator="Robot 3.2.1 (Python 3.8.5 on win32)" generated="20200731 14:57:25.843" rpa="false">
<suite id="s1" name="Success" source="C:\Users\hasaneeyakae\ROBOT WK\TOY\toy-are-not-us-workshop\tests\e2e\success.robot">
<test id="s1-t1" name="เปิดโครมเข้าไปที่หน้าเว็บ">
<status status="FAIL" starttime="20200731 14:57:26.367" endtime="20200731 14:57:26.370" critical="yes">Test case contains no keywords.</status>
</test>
<test id="s1-t2" name="ซื้อ Scrabble">
<kw name="เปิดโครมเข้าไปที่หน้าเว็บ" type="setup">
<msg timestamp="20200731 14:57:26.384" level="FAIL">No keyword with name 'เปิดโครมเข้าไปที่หน้าเว็บ' found.</msg>
<status status="FAIL" starttime="20200731 14:57:26.384" endtime="20200731 14:57:26.384"></status>
</kw>
<kw name="ปิดหน้าเว็บ" type="teardown">
<msg timestamp="20200731 14:57:26.391" level="FAIL">No keyword with name 'ปิดหน้าเว็บ' found.</msg>
<status status="FAIL" starttime="20200731 14:57:26.390" endtime="20200731 14:57:26.391">No keyword with name 'ปิดหน้าเว็บ' found.</status>
</kw>
<status status="FAIL" starttime="20200731 14:57:26.375" endtime="20200731 14:57:26.392" critical="yes">Setup failed:
No keyword with name 'เปิดโครมเข้าไปที่หน้าเว็บ' found.

Also teardown failed:
No keyword with name 'ปิดหน้าเว็บ' found.</status>
</test>
<status status="FAIL" starttime="20200731 14:57:25.849" endtime="20200731 14:57:26.395"></status>
</suite>
<statistics>
<total>
<stat pass="0" fail="2">Critical Tests</stat>
<stat pass="0" fail="2">All Tests</stat>
</total>
<tag>
</tag>
<suite>
<stat pass="0" fail="2" id="s1" name="Success">Success</stat>
</suite>
</statistics>
<errors>
<msg timestamp="20200731 14:57:25.901" level="ERROR">Error in file 'C:\Users\hasaneeyakae\ROBOT WK\TOY\toy-are-not-us-workshop\tests\e2e\success.robot' on line 2: Resource file 'toys-r-not-us-g3-keywords.robot' does not exist.</msg>
</errors>
</robot>
